[     103ms] [INFO] %cDownload the React DevTools for a better development experience: https://react.dev/link/react-devtools font-weight:bold @ http://localhost:3001/_next/static/chunks/0213_next_dist_0d44q6a._.js:2477
[     123ms] [LOG] [HMR] connected @ http://localhost:3001/_next/static/chunks/0213_next_dist_0d44q6a._.js:2477
[    3777ms] [INFO] %cDownload the React DevTools for a better development experience: https://react.dev/link/react-devtools font-weight:bold @ http://localhost:3001/_next/static/chunks/0213_next_dist_0d44q6a._.js:2477
[    3787ms] [LOG] [HMR] connected @ http://localhost:3001/_next/static/chunks/0213_next_dist_0d44q6a._.js:2477
[   39338ms] [INFO] %cDownload the React DevTools for a better development experience: https://react.dev/link/react-devtools font-weight:bold @ http://localhost:3001/_next/static/chunks/0213_next_dist_0d44q6a._.js:2477
[   39351ms] [LOG] [HMR] connected @ http://localhost:3001/_next/static/chunks/0213_next_dist_0d44q6a._.js:2477
[   77278ms] [INFO] %cDownload the React DevTools for a better development experience: https://react.dev/link/react-devtools font-weight:bold @ http://localhost:3001/_next/static/chunks/0213_next_dist_0d44q6a._.js:2477
[   77299ms] [LOG] [HMR] connected @ http://localhost:3001/_next/static/chunks/0213_next_dist_0d44q6a._.js:2477
[   78540ms] [INFO] %cDownload the React DevTools for a better development experience: https://react.dev/link/react-devtools font-weight:bold @ http://localhost:3001/_next/static/chunks/0213_next_dist_0d44q6a._.js:2477
[   78554ms] [LOG] [HMR] connected @ http://localhost:3001/_next/static/chunks/0213_next_dist_0d44q6a._.js:2477
[  101638ms] [INFO] %cDownload the React DevTools for a better development experience: https://react.dev/link/react-devtools font-weight:bold @ http://localhost:3001/_next/static/chunks/0213_next_dist_0d44q6a._.js:2477
[  101650ms] [LOG] [HMR] connected @ http://localhost:3001/_next/static/chunks/0213_next_dist_0d44q6a._.js:2477
[  126943ms] [INFO] %cDownload the React DevTools for a better development experience: https://react.dev/link/react-devtools font-weight:bold @ http://localhost:3001/_next/static/chunks/0213_next_dist_0d44q6a._.js:2477
[  126983ms] [LOG] [HMR] connected @ http://localhost:3001/_next/static/chunks/0213_next_dist_0d44q6a._.js:2477
[  127469ms] [WARNING] THREE.Clock: This module has been deprecated. Please use THREE.Timer instead. @ http://localhost:3001/_next/static/chunks/0213_next_dist_0d44q6a._.js:2477
[  128559ms] [INFO] %cDownload the React DevTools for a better development experience: https://react.dev/link/react-devtools font-weight:bold @ http://localhost:3001/_next/static/chunks/0213_next_dist_0d44q6a._.js:2477
[  128576ms] [LOG] [HMR] connected @ http://localhost:3001/_next/static/chunks/0213_next_dist_0d44q6a._.js:2477
[  132046ms] [INFO] %cDownload the React DevTools for a better development experience: https://react.dev/link/react-devtools font-weight:bold @ http://localhost:3001/_next/static/chunks/0213_next_dist_0d44q6a._.js:2477
[  132059ms] [LOG] [HMR] connected @ http://localhost:3001/_next/static/chunks/0213_next_dist_0d44q6a._.js:2477
[  144310ms] [INFO] %cDownload the React DevTools for a better development experience: https://react.dev/link/react-devtools font-weight:bold @ http://localhost:3001/_next/static/chunks/0213_next_dist_0d44q6a._.js:2477
[  144329ms] [LOG] [HMR] connected @ http://localhost:3001/_next/static/chunks/0213_next_dist_0d44q6a._.js:2477
[  145601ms] [INFO] %cDownload the React DevTools for a better development experience: https://react.dev/link/react-devtools font-weight:bold @ http://localhost:3001/_next/static/chunks/0213_next_dist_0d44q6a._.js:2477
[  145614ms] [LOG] [HMR] connected @ http://localhost:3001/_next/static/chunks/0213_next_dist_0d44q6a._.js:2477
[  146098ms] [WARNING] THREE.Clock: This module has been deprecated. Please use THREE.Timer instead. @ http://localhost:3001/_next/static/chunks/0213_next_dist_0d44q6a._.js:2477
[  176497ms] [INFO] %cDownload the React DevTools for a better development experience: https://react.dev/link/react-devtools font-weight:bold @ http://localhost:3001/_next/static/chunks/0213_next_dist_0d44q6a._.js:2477
[  176510ms] [LOG] [HMR] connected @ http://localhost:3001/_next/static/chunks/0213_next_dist_0d44q6a._.js:2477
[  197091ms] [INFO] %cDownload the React DevTools for a better development experience: https://react.dev/link/react-devtools font-weight:bold @ http://localhost:3001/_next/static/chunks/0213_next_dist_0d44q6a._.js:2477
[  197110ms] [LOG] [HMR] connected @ http://localhost:3001/_next/static/chunks/0213_next_dist_0d44q6a._.js:2477
[  217983ms] [INFO] %cDownload the React DevTools for a better development experience: https://react.dev/link/react-devtools font-weight:bold @ http://localhost:3001/_next/static/chunks/0213_next_dist_0d44q6a._.js:2477
[  218000ms] [LOG] [HMR] connected @ http://localhost:3001/_next/static/chunks/0213_next_dist_0d44q6a._.js:2477
[  218578ms] [LOG] [Fast Refresh] rebuilding @ http://localhost:3001/_next/static/chunks/0213_next_dist_0d44q6a._.js:2477
[  218705ms] [LOG] [Fast Refresh] done in 227ms @ http://localhost:3001/_next/static/chunks/0213_next_dist_0d44q6a._.js:2477
[  221191ms] [INFO] %cDownload the React DevTools for a better development experience: https://react.dev/link/react-devtools font-weight:bold @ http://localhost:3001/_next/static/chunks/0213_next_dist_0d44q6a._.js:2477
[  221225ms] [LOG] [HMR] connected @ http://localhost:3001/_next/static/chunks/0213_next_dist_0d44q6a._.js:2477
[  221716ms] [WARNING] THREE.Clock: This module has been deprecated. Please use THREE.Timer instead. @ http://localhost:3001/_next/static/chunks/0213_next_dist_0d44q6a._.js:2477
[  239589ms] [INFO] %cDownload the React DevTools for a better development experience: https://react.dev/link/react-devtools font-weight:bold @ http://localhost:3001/_next/static/chunks/0213_next_dist_0d44q6a._.js:2477
[  239601ms] [LOG] [HMR] connected @ http://localhost:3001/_next/static/chunks/0213_next_dist_0d44q6a._.js:2477
[  240733ms] [INFO] %cDownload the React DevTools for a better development experience: https://react.dev/link/react-devtools font-weight:bold @ http://localhost:3001/_next/static/chunks/0213_next_dist_0d44q6a._.js:2477
[  240758ms] [LOG] [HMR] connected @ http://localhost:3001/_next/static/chunks/0213_next_dist_0d44q6a._.js:2477
[  241839ms] [INFO] %cDownload the React DevTools for a better development experience: https://react.dev/link/react-devtools font-weight:bold @ http://localhost:3001/_next/static/chunks/0213_next_dist_0d44q6a._.js:2477
[  241860ms] [LOG] [HMR] connected @ http://localhost:3001/_next/static/chunks/0213_next_dist_0d44q6a._.js:2477
[  242919ms] [INFO] %cDownload the React DevTools for a better development experience: https://react.dev/link/react-devtools font-weight:bold @ http://localhost:3001/_next/static/chunks/0213_next_dist_0d44q6a._.js:2477
[  242944ms] [LOG] [HMR] connected @ http://localhost:3001/_next/static/chunks/0213_next_dist_0d44q6a._.js:2477
[  244065ms] [INFO] %cDownload the React DevTools for a better development experience: https://react.dev/link/react-devtools font-weight:bold @ http://localhost:3001/_next/static/chunks/0213_next_dist_0d44q6a._.js:2477
[  244078ms] [LOG] [HMR] connected @ http://localhost:3001/_next/static/chunks/0213_next_dist_0d44q6a._.js:2477
[  245146ms] [INFO] %cDownload the React DevTools for a better development experience: https://react.dev/link/react-devtools font-weight:bold @ http://localhost:3001/_next/static/chunks/0213_next_dist_0d44q6a._.js:2477
[  245158ms] [LOG] [HMR] connected @ http://localhost:3001/_next/static/chunks/0213_next_dist_0d44q6a._.js:2477
[  246228ms] [INFO] %cDownload the React DevTools for a better development experience: https://react.dev/link/react-devtools font-weight:bold @ http://localhost:3001/_next/static/chunks/0213_next_dist_0d44q6a._.js:2477
[  246240ms] [LOG] [HMR] connected @ http://localhost:3001/_next/static/chunks/0213_next_dist_0d44q6a._.js:2477
[  247307ms] [INFO] %cDownload the React DevTools for a better development experience: https://react.dev/link/react-devtools font-weight:bold @ http://localhost:3001/_next/static/chunks/0213_next_dist_0d44q6a._.js:2477
[  247319ms] [LOG] [HMR] connected @ http://localhost:3001/_next/static/chunks/0213_next_dist_0d44q6a._.js:2477
[  248386ms] [INFO] %cDownload the React DevTools for a better development experience: https://react.dev/link/react-devtools font-weight:bold @ http://localhost:3001/_next/static/chunks/0213_next_dist_0d44q6a._.js:2477
[  248398ms] [LOG] [HMR] connected @ http://localhost:3001/_next/static/chunks/0213_next_dist_0d44q6a._.js:2477
[  249485ms] [INFO] %cDownload the React DevTools for a better development experience: https://react.dev/link/react-devtools font-weight:bold @ http://localhost:3001/_next/static/chunks/0213_next_dist_0d44q6a._.js:2477
[  249506ms] [LOG] [HMR] connected @ http://localhost:3001/_next/static/chunks/0213_next_dist_0d44q6a._.js:2477
[  250536ms] [INFO] %cDownload the React DevTools for a better development experience: https://react.dev/link/react-devtools font-weight:bold @ http://localhost:3001/_next/static/chunks/0213_next_dist_0d44q6a._.js:2477
[  250558ms] [LOG] [HMR] connected @ http://localhost:3001/_next/static/chunks/0213_next_dist_0d44q6a._.js:2477
[  254110ms] [INFO] %cDownload the React DevTools for a better development experience: https://react.dev/link/react-devtools font-weight:bold @ http://localhost:3001/_next/static/chunks/0213_next_dist_0d44q6a._.js:2477
[  254128ms] [LOG] [HMR] connected @ http://localhost:3001/_next/static/chunks/0213_next_dist_0d44q6a._.js:2477
[  258134ms] [INFO] %cDownload the React DevTools for a better development experience: https://react.dev/link/react-devtools font-weight:bold @ http://localhost:3001/_next/static/chunks/0213_next_dist_0d44q6a._.js:2477
[  258149ms] [LOG] [HMR] connected @ http://localhost:3001/_next/static/chunks/0213_next_dist_0d44q6a._.js:2477
[  258633ms] [WARNING] THREE.Clock: This module has been deprecated. Please use THREE.Timer instead. @ http://localhost:3001/_next/static/chunks/0213_next_dist_0d44q6a._.js:2477
[  263032ms] [INFO] %cDownload the React DevTools for a better development experience: https://react.dev/link/react-devtools font-weight:bold @ http://localhost:3001/_next/static/chunks/0213_next_dist_0d44q6a._.js:2477
[  263051ms] [LOG] [HMR] connected @ http://localhost:3001/_next/static/chunks/0213_next_dist_0d44q6a._.js:2477
[  267914ms] [INFO] %cDownload the React DevTools for a better development experience: https://react.dev/link/react-devtools font-weight:bold @ http://localhost:3001/_next/static/chunks/0213_next_dist_0d44q6a._.js:2477
[  267927ms] [LOG] [HMR] connected @ http://localhost:3001/_next/static/chunks/0213_next_dist_0d44q6a._.js:2477
[  279973ms] [INFO] %cDownload the React DevTools for a better development experience: https://react.dev/link/react-devtools font-weight:bold @ http://localhost:3001/_next/static/chunks/0213_next_dist_0d44q6a._.js:2477
[  280033ms] [LOG] [HMR] connected @ http://localhost:3001/_next/static/chunks/0213_next_dist_0d44q6a._.js:2477
[  280591ms] [WARNING] THREE.Clock: This module has been deprecated. Please use THREE.Timer instead. @ http://localhost:3001/_next/static/chunks/0213_next_dist_0d44q6a._.js:2477
[  283551ms] [INFO] %cDownload the React DevTools for a better development experience: https://react.dev/link/react-devtools font-weight:bold @ http://localhost:3001/_next/static/chunks/0213_next_dist_0d44q6a._.js:2477
[  283568ms] [LOG] [HMR] connected @ http://localhost:3001/_next/static/chunks/0213_next_dist_0d44q6a._.js:2477
[  285689ms] [INFO] %cDownload the React DevTools for a better development experience: https://react.dev/link/react-devtools font-weight:bold @ http://localhost:3001/_next/static/chunks/0213_next_dist_0d44q6a._.js:2477
[  285714ms] [LOG] [HMR] connected @ http://localhost:3001/_next/static/chunks/0213_next_dist_0d44q6a._.js:2477
[  295469ms] [INFO] %cDownload the React DevTools for a better development experience: https://react.dev/link/react-devtools font-weight:bold @ http://localhost:3001/_next/static/chunks/0213_next_dist_0d44q6a._.js:2477
[  295482ms] [LOG] [HMR] connected @ http://localhost:3001/_next/static/chunks/0213_next_dist_0d44q6a._.js:2477
[  296342ms] [INFO] %cDownload the React DevTools for a better development experience: https://react.dev/link/react-devtools font-weight:bold @ http://localhost:3001/_next/static/chunks/0213_next_dist_0d44q6a._.js:2477
[  296366ms] [LOG] [HMR] connected @ http://localhost:3001/_next/static/chunks/0213_next_dist_0d44q6a._.js:2477
[  297221ms] [INFO] %cDownload the React DevTools for a better development experience: https://react.dev/link/react-devtools font-weight:bold @ http://localhost:3001/_next/static/chunks/0213_next_dist_0d44q6a._.js:2477
[  297243ms] [LOG] [HMR] connected @ http://localhost:3001/_next/static/chunks/0213_next_dist_0d44q6a._.js:2477
[  298077ms] [INFO] %cDownload the React DevTools for a better development experience: https://react.dev/link/react-devtools font-weight:bold @ http://localhost:3001/_next/static/chunks/0213_next_dist_0d44q6a._.js:2477
[  298087ms] [LOG] [HMR] connected @ http://localhost:3001/_next/static/chunks/0213_next_dist_0d44q6a._.js:2477
[  298980ms] [INFO] %cDownload the React DevTools for a better development experience: https://react.dev/link/react-devtools font-weight:bold @ http://localhost:3001/_next/static/chunks/0213_next_dist_0d44q6a._.js:2477
[  298991ms] [LOG] [HMR] connected @ http://localhost:3001/_next/static/chunks/0213_next_dist_0d44q6a._.js:2477
[  299839ms] [INFO] %cDownload the React DevTools for a better development experience: https://react.dev/link/react-devtools font-weight:bold @ http://localhost:3001/_next/static/chunks/0213_next_dist_0d44q6a._.js:2477
[  299861ms] [LOG] [HMR] connected @ http://localhost:3001/_next/static/chunks/0213_next_dist_0d44q6a._.js:2477
[  300747ms] [INFO] %cDownload the React DevTools for a better development experience: https://react.dev/link/react-devtools font-weight:bold @ http://localhost:3001/_next/static/chunks/0213_next_dist_0d44q6a._.js:2477
[  300762ms] [LOG] [HMR] connected @ http://localhost:3001/_next/static/chunks/0213_next_dist_0d44q6a._.js:2477
[  301612ms] [INFO] %cDownload the React DevTools for a better development experience: https://react.dev/link/react-devtools font-weight:bold @ http://localhost:3001/_next/static/chunks/0213_next_dist_0d44q6a._.js:2477
[  301627ms] [LOG] [HMR] connected @ http://localhost:3001/_next/static/chunks/0213_next_dist_0d44q6a._.js:2477
[  302465ms] [INFO] %cDownload the React DevTools for a better development experience: https://react.dev/link/react-devtools font-weight:bold @ http://localhost:3001/_next/static/chunks/0213_next_dist_0d44q6a._.js:2477
[  302478ms] [LOG] [HMR] connected @ http://localhost:3001/_next/static/chunks/0213_next_dist_0d44q6a._.js:2477
[  303323ms] [INFO] %cDownload the React DevTools for a better development experience: https://react.dev/link/react-devtools font-weight:bold @ http://localhost:3001/_next/static/chunks/0213_next_dist_0d44q6a._.js:2477
[  303342ms] [LOG] [HMR] connected @ http://localhost:3001/_next/static/chunks/0213_next_dist_0d44q6a._.js:2477
[  304171ms] [INFO] %cDownload the React DevTools for a better development experience: https://react.dev/link/react-devtools font-weight:bold @ http://localhost:3001/_next/static/chunks/0213_next_dist_0d44q6a._.js:2477
[  304192ms] [LOG] [HMR] connected @ http://localhost:3001/_next/static/chunks/0213_next_dist_0d44q6a._.js:2477
[  305600ms] [INFO] %cDownload the React DevTools for a better development experience: https://react.dev/link/react-devtools font-weight:bold @ http://localhost:3001/_next/static/chunks/0213_next_dist_0d44q6a._.js:2477
[  305629ms] [LOG] [HMR] connected @ http://localhost:3001/_next/static/chunks/0213_next_dist_0d44q6a._.js:2477
[  322819ms] [INFO] %cDownload the React DevTools for a better development experience: https://react.dev/link/react-devtools font-weight:bold @ http://localhost:3001/_next/static/chunks/0213_next_dist_0d44q6a._.js:2477
[  322832ms] [LOG] [HMR] connected @ http://localhost:3001/_next/static/chunks/0213_next_dist_0d44q6a._.js:2477
[  327398ms] [INFO] %cDownload the React DevTools for a better development experience: https://react.dev/link/react-devtools font-weight:bold @ http://localhost:3001/_next/static/chunks/0213_next_dist_0d44q6a._.js:2477
[  327420ms] [LOG] [HMR] connected @ http://localhost:3001/_next/static/chunks/0213_next_dist_0d44q6a._.js:2477
[  347492ms] [INFO] %cDownload the React DevTools for a better development experience: https://react.dev/link/react-devtools font-weight:bold @ http://localhost:3001/_next/static/chunks/0213_next_dist_0d44q6a._.js:2477
[  347506ms] [LOG] [HMR] connected @ http://localhost:3001/_next/static/chunks/0213_next_dist_0d44q6a._.js:2477
[  348479ms] [INFO] %cDownload the React DevTools for a better development experience: https://react.dev/link/react-devtools font-weight:bold @ http://localhost:3001/_next/static/chunks/0213_next_dist_0d44q6a._.js:2477
[  348495ms] [LOG] [HMR] connected @ http://localhost:3001/_next/static/chunks/0213_next_dist_0d44q6a._.js:2477
[  349157ms] [INFO] %cDownload the React DevTools for a better development experience: https://react.dev/link/react-devtools font-weight:bold @ http://localhost:3001/_next/static/chunks/0213_next_dist_0d44q6a._.js:2477
[  349168ms] [LOG] [HMR] connected @ http://localhost:3001/_next/static/chunks/0213_next_dist_0d44q6a._.js:2477
[  349816ms] [INFO] %cDownload the React DevTools for a better development experience: https://react.dev/link/react-devtools font-weight:bold @ http://localhost:3001/_next/static/chunks/0213_next_dist_0d44q6a._.js:2477
[  349833ms] [LOG] [HMR] connected @ http://localhost:3001/_next/static/chunks/0213_next_dist_0d44q6a._.js:2477
[  360377ms] [INFO] %cDownload the React DevTools for a better development experience: https://react.dev/link/react-devtools font-weight:bold @ http://localhost:3001/_next/static/chunks/0213_next_dist_0d44q6a._.js:2477
[  360408ms] [LOG] [HMR] connected @ http://localhost:3001/_next/static/chunks/0213_next_dist_0d44q6a._.js:2477
[  377304ms] [INFO] %cDownload the React DevTools for a better development experience: https://react.dev/link/react-devtools font-weight:bold @ http://localhost:3001/_next/static/chunks/0213_next_dist_0d44q6a._.js:2477
[  377316ms] [LOG] [HMR] connected @ http://localhost:3001/_next/static/chunks/0213_next_dist_0d44q6a._.js:2477
[  389291ms] [INFO] %cDownload the React DevTools for a better development experience: https://react.dev/link/react-devtools font-weight:bold @ http://localhost:3001/_next/static/chunks/0213_next_dist_0d44q6a._.js:2477
[  389307ms] [LOG] [HMR] connected @ http://localhost:3001/_next/static/chunks/0213_next_dist_0d44q6a._.js:2477
[  405460ms] [INFO] %cDownload the React DevTools for a better development experience: https://react.dev/link/react-devtools font-weight:bold @ http://localhost:3001/_next/static/chunks/0213_next_dist_0d44q6a._.js:2477
[  405473ms] [LOG] [HMR] connected @ http://localhost:3001/_next/static/chunks/0213_next_dist_0d44q6a._.js:2477
[  406513ms] [INFO] %cDownload the React DevTools for a better development experience: https://react.dev/link/react-devtools font-weight:bold @ http://localhost:3001/_next/static/chunks/0213_next_dist_0d44q6a._.js:2477
[  406534ms] [LOG] [HMR] connected @ http://localhost:3001/_next/static/chunks/0213_next_dist_0d44q6a._.js:2477
[  407567ms] [INFO] %cDownload the React DevTools for a better development experience: https://react.dev/link/react-devtools font-weight:bold @ http://localhost:3001/_next/static/chunks/0213_next_dist_0d44q6a._.js:2477
[  407578ms] [LOG] [HMR] connected @ http://localhost:3001/_next/static/chunks/0213_next_dist_0d44q6a._.js:2477
[  408663ms] [INFO] %cDownload the React DevTools for a better development experience: https://react.dev/link/react-devtools font-weight:bold @ http://localhost:3001/_next/static/chunks/0213_next_dist_0d44q6a._.js:2477
[  408680ms] [LOG] [HMR] connected @ http://localhost:3001/_next/static/chunks/0213_next_dist_0d44q6a._.js:2477
[  409727ms] [INFO] %cDownload the React DevTools for a better development experience: https://react.dev/link/react-devtools font-weight:bold @ http://localhost:3001/_next/static/chunks/0213_next_dist_0d44q6a._.js:2477
[  409737ms] [LOG] [HMR] connected @ http://localhost:3001/_next/static/chunks/0213_next_dist_0d44q6a._.js:2477
[  410783ms] [INFO] %cDownload the React DevTools for a better development experience: https://react.dev/link/react-devtools font-weight:bold @ http://localhost:3001/_next/static/chunks/0213_next_dist_0d44q6a._.js:2477
[  410814ms] [LOG] [HMR] connected @ http://localhost:3001/_next/static/chunks/0213_next_dist_0d44q6a._.js:2477
[  411900ms] [INFO] %cDownload the React DevTools for a better development experience: https://react.dev/link/react-devtools font-weight:bold @ http://localhost:3001/_next/static/chunks/0213_next_dist_0d44q6a._.js:2477
[  411919ms] [LOG] [HMR] connected @ http://localhost:3001/_next/static/chunks/0213_next_dist_0d44q6a._.js:2477
[  412943ms] [INFO] %cDownload the React DevTools for a better development experience: https://react.dev/link/react-devtools font-weight:bold @ http://localhost:3001/_next/static/chunks/0213_next_dist_0d44q6a._.js:2477
[  412960ms] [LOG] [HMR] connected @ http://localhost:3001/_next/static/chunks/0213_next_dist_0d44q6a._.js:2477
[  413923ms] [ERROR] Failed to load resource: the server responded with a status of 404 (Not Found) @ http://localhost:3001/this-page-does-not-exist:0
[  413935ms] [INFO] %cDownload the React DevTools for a better development experience: https://react.dev/link/react-devtools font-weight:bold @ http://localhost:3001/_next/static/chunks/0213_next_dist_0d44q6a._.js:2477
[  413998ms] [LOG] [HMR] connected @ http://localhost:3001/_next/static/chunks/0213_next_dist_0d44q6a._.js:2477
[  414024ms] [INFO] %cDownload the React DevTools for a better development experience: https://react.dev/link/react-devtools font-weight:bold @ http://localhost:3001/_next/static/chunks/0213_next_dist_0d44q6a._.js:2477
[  414035ms] [LOG] [HMR] connected @ http://localhost:3001/_next/static/chunks/0213_next_dist_0d44q6a._.js:2477
[  430234ms] [INFO] %cDownload the React DevTools for a better development experience: https://react.dev/link/react-devtools font-weight:bold @ http://localhost:3001/_next/static/chunks/0213_next_dist_0d44q6a._.js:2477
[  430244ms] [LOG] [HMR] connected @ http://localhost:3001/_next/static/chunks/0213_next_dist_0d44q6a._.js:2477
[  432122ms] [ERROR] Failed to load resource: the server responded with a status of 404 (Not Found) @ http://localhost:3001/this-page-does-not-exist:0
[  432145ms] [INFO] %cDownload the React DevTools for a better development experience: https://react.dev/link/react-devtools font-weight:bold @ http://localhost:3001/_next/static/chunks/0213_next_dist_0d44q6a._.js:2477
[  432161ms] [LOG] [HMR] connected @ http://localhost:3001/_next/static/chunks/0213_next_dist_0d44q6a._.js:2477
[  443620ms] [INFO] %cDownload the React DevTools for a better development experience: https://react.dev/link/react-devtools font-weight:bold @ http://localhost:3001/_next/static/chunks/0213_next_dist_0d44q6a._.js:2477
[  443635ms] [LOG] [HMR] connected @ http://localhost:3001/_next/static/chunks/0213_next_dist_0d44q6a._.js:2477
[  450490ms] [INFO] %cDownload the React DevTools for a better development experience: https://react.dev/link/react-devtools font-weight:bold @ http://localhost:3001/_next/static/chunks/0213_next_dist_0d44q6a._.js:2477
[  450500ms] [LOG] [HMR] connected @ http://localhost:3001/_next/static/chunks/0213_next_dist_0d44q6a._.js:2477
[  456786ms] [ERROR] Failed to load resource: the server responded with a status of 404 (Not Found) @ http://localhost:3001/this-page-does-not-exist:0
[  456802ms] [INFO] %cDownload the React DevTools for a better development experience: https://react.dev/link/react-devtools font-weight:bold @ http://localhost:3001/_next/static/chunks/0213_next_dist_0d44q6a._.js:2477
[  456813ms] [LOG] [HMR] connected @ http://localhost:3001/_next/static/chunks/0213_next_dist_0d44q6a._.js:2477
[  461750ms] [INFO] %cDownload the React DevTools for a better development experience: https://react.dev/link/react-devtools font-weight:bold @ http://localhost:3001/_next/static/chunks/0213_next_dist_0d44q6a._.js:2477
[  461763ms] [LOG] [HMR] connected @ http://localhost:3001/_next/static/chunks/0213_next_dist_0d44q6a._.js:2477
[  480158ms] [INFO] %cDownload the React DevTools for a better development experience: https://react.dev/link/react-devtools font-weight:bold @ http://localhost:3001/_next/static/chunks/0213_next_dist_0d44q6a._.js:2477
[  480174ms] [LOG] [HMR] connected @ http://localhost:3001/_next/static/chunks/0213_next_dist_0d44q6a._.js:2477
[  493279ms] [INFO] %cDownload the React DevTools for a better development experience: https://react.dev/link/react-devtools font-weight:bold @ http://localhost:3001/_next/static/chunks/0213_next_dist_0d44q6a._.js:2477
[  493296ms] [LOG] [HMR] connected @ http://localhost:3001/_next/static/chunks/0213_next_dist_0d44q6a._.js:2477
[  503245ms] [INFO] %cDownload the React DevTools for a better development experience: https://react.dev/link/react-devtools font-weight:bold @ http://localhost:3001/_next/static/chunks/0213_next_dist_0d44q6a._.js:2477
[  503258ms] [LOG] [HMR] connected @ http://localhost:3001/_next/static/chunks/0213_next_dist_0d44q6a._.js:2477
[  521354ms] [INFO] %cDownload the React DevTools for a better development experience: https://react.dev/link/react-devtools font-weight:bold @ http://localhost:3001/_next/static/chunks/0213_next_dist_0d44q6a._.js:2477
[  521368ms] [LOG] [HMR] connected @ http://localhost:3001/_next/static/chunks/0213_next_dist_0d44q6a._.js:2477
[  522423ms] [INFO] %cDownload the React DevTools for a better development experience: https://react.dev/link/react-devtools font-weight:bold @ http://localhost:3001/_next/static/chunks/0213_next_dist_0d44q6a._.js:2477
[  522435ms] [LOG] [HMR] connected @ http://localhost:3001/_next/static/chunks/0213_next_dist_0d44q6a._.js:2477
[  523455ms] [INFO] %cDownload the React DevTools for a better development experience: https://react.dev/link/react-devtools font-weight:bold @ http://localhost:3001/_next/static/chunks/0213_next_dist_0d44q6a._.js:2477
[  523466ms] [LOG] [HMR] connected @ http://localhost:3001/_next/static/chunks/0213_next_dist_0d44q6a._.js:2477
[  524547ms] [INFO] %cDownload the React DevTools for a better development experience: https://react.dev/link/react-devtools font-weight:bold @ http://localhost:3001/_next/static/chunks/0213_next_dist_0d44q6a._.js:2477
[  524564ms] [LOG] [HMR] connected @ http://localhost:3001/_next/static/chunks/0213_next_dist_0d44q6a._.js:2477
[  525610ms] [INFO] %cDownload the React DevTools for a better development experience: https://react.dev/link/react-devtools font-weight:bold @ http://localhost:3001/_next/static/chunks/0213_next_dist_0d44q6a._.js:2477
[  525622ms] [LOG] [HMR] connected @ http://localhost:3001/_next/static/chunks/0213_next_dist_0d44q6a._.js:2477
[  526704ms] [INFO] %cDownload the React DevTools for a better development experience: https://react.dev/link/react-devtools font-weight:bold @ http://localhost:3001/_next/static/chunks/0213_next_dist_0d44q6a._.js:2477
[  526722ms] [LOG] [HMR] connected @ http://localhost:3001/_next/static/chunks/0213_next_dist_0d44q6a._.js:2477
[  527813ms] [INFO] %cDownload the React DevTools for a better development experience: https://react.dev/link/react-devtools font-weight:bold @ http://localhost:3001/_next/static/chunks/0213_next_dist_0d44q6a._.js:2477
[  527836ms] [LOG] [HMR] connected @ http://localhost:3001/_next/static/chunks/0213_next_dist_0d44q6a._.js:2477
[  531279ms] [ERROR] Failed to load resource: the server responded with a status of 404 (Not Found) @ http://localhost:3001/this-page-does-not-exist:0
[  531291ms] [INFO] %cDownload the React DevTools for a better development experience: https://react.dev/link/react-devtools font-weight:bold @ http://localhost:3001/_next/static/chunks/0213_next_dist_0d44q6a._.js:2477
[  531301ms] [LOG] [HMR] connected @ http://localhost:3001/_next/static/chunks/0213_next_dist_0d44q6a._.js:2477
[  532670ms] [INFO] %cDownload the React DevTools for a better development experience: https://react.dev/link/react-devtools font-weight:bold @ http://localhost:3001/_next/static/chunks/0213_next_dist_0d44q6a._.js:2477
[  532690ms] [LOG] [HMR] connected @ http://localhost:3001/_next/static/chunks/0213_next_dist_0d44q6a._.js:2477
[  558091ms] [INFO] %cDownload the React DevTools for a better development experience: https://react.dev/link/react-devtools font-weight:bold @ http://localhost:3001/_next/static/chunks/0213_next_dist_0d44q6a._.js:2477
[  558104ms] [LOG] [HMR] connected @ http://localhost:3001/_next/static/chunks/0213_next_dist_0d44q6a._.js:2477
[  620552ms] [INFO] %cDownload the React DevTools for a better development experience: https://react.dev/link/react-devtools font-weight:bold @ http://localhost:3001/_next/static/chunks/0213_next_dist_0d44q6a._.js:2477
[  620572ms] [LOG] [HMR] connected @ http://localhost:3001/_next/static/chunks/0213_next_dist_0d44q6a._.js:2477
[  625159ms] [INFO] %cDownload the React DevTools for a better development experience: https://react.dev/link/react-devtools font-weight:bold @ http://localhost:3001/_next/static/chunks/0213_next_dist_0d44q6a._.js:2477
[  625170ms] [LOG] [HMR] connected @ http://localhost:3001/_next/static/chunks/0213_next_dist_0d44q6a._.js:2477
[  676109ms] [INFO] %cDownload the React DevTools for a better development experience: https://react.dev/link/react-devtools font-weight:bold @ http://localhost:3001/_next/static/chunks/0213_next_dist_0d44q6a._.js:2477
[  676121ms] [LOG] [HMR] connected @ http://localhost:3001/_next/static/chunks/0213_next_dist_0d44q6a._.js:2477
[  779060ms] [INFO] %cDownload the React DevTools for a better development experience: https://react.dev/link/react-devtools font-weight:bold @ http://localhost:3001/_next/static/chunks/0213_next_dist_0d44q6a._.js:2477
[  779073ms] [LOG] [HMR] connected @ http://localhost:3001/_next/static/chunks/0213_next_dist_0d44q6a._.js:2477
[  958831ms] [INFO] %cDownload the React DevTools for a better development experience: https://react.dev/link/react-devtools font-weight:bold @ http://localhost:3001/_next/static/chunks/0213_next_dist_0d44q6a._.js:2477
[  958861ms] [LOG] [HMR] connected @ http://localhost:3001/_next/static/chunks/0213_next_dist_0d44q6a._.js:2477
[  959336ms] [WARNING] THREE.Clock: This module has been deprecated. Please use THREE.Timer instead. @ http://localhost:3001/_next/static/chunks/0213_next_dist_0d44q6a._.js:2477
[ 1275697ms] [LOG] [Fast Refresh] rebuilding @ http://localhost:3001/_next/static/chunks/0213_next_dist_0d44q6a._.js:2477
[ 1275729ms] [LOG] [Fast Refresh] done in 74ms @ http://localhost:3001/_next/static/chunks/0213_next_dist_0d44q6a._.js:2477
[ 1324199ms] [LOG] [Fast Refresh] rebuilding @ http://localhost:3001/_next/static/chunks/0213_next_dist_0d44q6a._.js:2477
[ 1324253ms] [LOG] [Fast Refresh] done in 47ms @ http://localhost:3001/_next/static/chunks/0213_next_dist_0d44q6a._.js:2477
[ 1324855ms] [LOG] [Fast Refresh] rebuilding @ http://localhost:3001/_next/static/chunks/0213_next_dist_0d44q6a._.js:2477
[ 1324856ms] [LOG] [Fast Refresh] done in 108ms @ http://localhost:3001/_next/static/chunks/0213_next_dist_0d44q6a._.js:2477
[ 1350434ms] [LOG] [Fast Refresh] rebuilding @ http://localhost:3001/_next/static/chunks/0213_next_dist_0d44q6a._.js:2477
[ 1350464ms] [LOG] [Fast Refresh] done in 46ms @ http://localhost:3001/_next/static/chunks/0213_next_dist_0d44q6a._.js:2477
[ 1411678ms] [LOG] [Fast Refresh] rebuilding @ http://localhost:3001/_next/static/chunks/0213_next_dist_0d44q6a._.js:2477
[ 1412164ms] [LOG] [Fast Refresh] done in 395ms @ http://localhost:3001/_next/static/chunks/0213_next_dist_0d44q6a._.js:2477
[ 1412521ms] [LOG] [Fast Refresh] rebuilding @ http://localhost:3001/_next/static/chunks/0213_next_dist_0d44q6a._.js:2477
[ 1412553ms] [LOG] [Fast Refresh] done in 133ms @ http://localhost:3001/_next/static/chunks/0213_next_dist_0d44q6a._.js:2477
[ 1412668ms] [LOG] [Fast Refresh] rebuilding @ http://localhost:3001/_next/static/chunks/0213_next_dist_0d44q6a._.js:2477
[ 1412726ms] [LOG] [Fast Refresh] done in 158ms @ http://localhost:3001/_next/static/chunks/0213_next_dist_0d44q6a._.js:2477
[ 1413028ms] [LOG] [Fast Refresh] rebuilding @ http://localhost:3001/_next/static/chunks/0213_next_dist_0d44q6a._.js:2477
[ 1413186ms] [LOG] [Fast Refresh] done in 257ms @ http://localhost:3001/_next/static/chunks/0213_next_dist_0d44q6a._.js:2477
[ 1413530ms] [LOG] [Fast Refresh] rebuilding @ http://localhost:3001/_next/static/chunks/0213_next_dist_0d44q6a._.js:2477
[ 1413564ms] [LOG] [Fast Refresh] done in 137ms @ http://localhost:3001/_next/static/chunks/0213_next_dist_0d44q6a._.js:2477
[ 1413666ms] [LOG] [Fast Refresh] rebuilding @ http://localhost:3001/_next/static/chunks/0213_next_dist_0d44q6a._.js:2477
[ 1413685ms] [LOG] [Fast Refresh] done in 121ms @ http://localhost:3001/_next/static/chunks/0213_next_dist_0d44q6a._.js:2477
[ 1413861ms] [LOG] [Fast Refresh] rebuilding @ http://localhost:3001/_next/static/chunks/0213_next_dist_0d44q6a._.js:2477
[ 1414071ms] [LOG] [Fast Refresh] done in 329ms @ http://localhost:3001/_next/static/chunks/0213_next_dist_0d44q6a._.js:2477
[ 1490990ms] [LOG] [Fast Refresh] rebuilding @ http://localhost:3001/_next/static/chunks/0213_next_dist_0d44q6a._.js:2477
[ 1491020ms] [LOG] [Fast Refresh] done in 45ms @ http://localhost:3001/_next/static/chunks/0213_next_dist_0d44q6a._.js:2477
