[    3215ms] [INFO] %cDownload the React DevTools for a better development experience: https://react.dev/link/react-devtools font-weight:bold @ http://localhost:3001/_next/static/chunks/0213_next_dist_0d44q6a._.js:2477
[    3269ms] [LOG] [HMR] connected @ http://localhost:3001/_next/static/chunks/0213_next_dist_0d44q6a._.js:2477
[    3361ms] [ERROR] Encountered a script tag while rendering React component. Scripts inside React components are never executed when rendering on the client. Consider using template tag instead (https://developer.mozilla.org/en-US/docs/Web/HTML/Element/template). @ http://localhost:3001/_next/static/chunks/0213_next_dist_0d44q6a._.js:3318
[    3442ms] Error: Hydration failed because the server rendered text didn't match the client. As a result this tree will be regenerated on the client. This can happen if a SSR-ed Client Component used:

- A server/client branch `if (typeof window !== 'undefined')`.
- Variable input such as `Date.now()` or `Math.random()` which changes each time it's called.
- Date formatting in a user's locale which doesn't match the server.
- External changing data without sending a snapshot of it along with the HTML.
- Invalid HTML tag nesting.

It can also happen if the client has a browser extension installed which messes with the HTML before React loaded.

https://react.dev/link/hydration-mismatch

  ...
    <RedirectErrorBoundary router={{...}}>
      <InnerLayoutRouter url="/" tree={[...]} params={{}} cacheNode={{rsc:{...}, ...}} segmentPath={[...]} ...>
        <LoadingBoundaryProvider loading={[...]}>
          <SegmentViewNode type="layout" pagePath="(marketing...">
            <SegmentTrieNode>
            <script>
            <script>
            <script>
            <MarketingLayout>
              <a>
              <Nav>
              <main>
              <Footer>
                <footer className="border-t b...">
                  <div className="mx-auto ma...">
                    <div>
                    <div className="mt-12 pt-8...">
                      <div className="flex flex-...">
                        <p>
                        <TokenMeter>
                          <div className="flex items..." title="Marketing ...">
                            <span>
                            <span className="font-mono">
+                             847,293,441
-                             84,72,93,441
                            ...
                      ...
              ...
      ...

    at throwOnHydrationMismatch (http://localhost:3001/_next/static/chunks/0213_next_dist_compiled_react-dom_0m~ktmz._.js:3318:56)
    at prepareToHydrateHostInstance (http://localhost:3001/_next/static/chunks/0213_next_dist_compiled_react-dom_0m~ktmz._.js:3372:23)
    at completeWork (http://localhost:3001/_next/static/chunks/0213_next_dist_compiled_react-dom_0m~ktmz._.js:6922:60)
    at runWithFiberInDEV (http://localhost:3001/_next/static/chunks/0213_next_dist_compiled_react-dom_0m~ktmz._.js:965:74)
    at completeUnitOfWork (http://localhost:3001/_next/static/chunks/0213_next_dist_compiled_react-dom_0m~ktmz._.js:9622:23)
    at performUnitOfWork (http://localhost:3001/_next/static/chunks/0213_next_dist_compiled_react-dom_0m~ktmz._.js:9557:28)
    at workLoopConcurrentByScheduler (http://localhost:3001/_next/static/chunks/0213_next_dist_compiled_react-dom_0m~ktmz._.js:9551:58)
    at renderRootConcurrent (http://localhost:3001/_next/static/chunks/0213_next_dist_compiled_react-dom_0m~ktmz._.js:9534:71)
    at performWorkOnRoot (http://localhost:3001/_next/static/chunks/0213_next_dist_compiled_react-dom_0m~ktmz._.js:9061:150)
    at performWorkOnRootViaSchedulerTask (http://localhost:3001/_next/static/chunks/0213_next_dist_compiled_react-dom_0m~ktmz._.js:10255:9)
    at MessagePort.performWorkUntilDeadline (http://localhost:3001/_next/static/chunks/0213_next_dist_compiled_0ytz2wa._.js:2647:64)
[    3509ms] [LOG] [Fast Refresh] rebuilding @ http://localhost:3001/_next/static/chunks/0213_next_dist_0d44q6a._.js:2477
[    3706ms] [ERROR] Failed to load resource: the server responded with a status of 404 (Not Found) @ http://localhost:3001/favicon-192.png:0
[    3709ms] [LOG] [Fast Refresh] done in 303ms @ http://localhost:3001/_next/static/chunks/0213_next_dist_0d44q6a._.js:2477
[    3735ms] [ERROR] Failed to load resource: the server responded with a status of 404 (Not Found) @ http://localhost:3001/favicon-192.png:0
[    3737ms] [WARNING] Error while trying to use the following icon from the Manifest: http://localhost:3001/favicon-192.png (Download error or resource isn't a valid image) @ http://localhost:3001/:0
[    3739ms] [WARNING] Error while trying to use the following icon from the Manifest: http://localhost:3001/favicon-192.png (Download error or resource isn't a valid image) @ http://localhost:3001/:0
[    3915ms] [WARNING] THREE.Clock: This module has been deprecated. Please use THREE.Timer instead. @ http://localhost:3001/_next/static/chunks/0213_next_dist_0d44q6a._.js:2477
[   35179ms] [LOG] [Fast Refresh] rebuilding @ http://localhost:3001/_next/static/chunks/0213_next_dist_0d44q6a._.js:2477
[   35440ms] [LOG] [Fast Refresh] done in 361ms @ http://localhost:3001/_next/static/chunks/0213_next_dist_0d44q6a._.js:2477
[   35508ms] [ERROR] Failed to load resource: the server responded with a status of 404 (Not Found) @ http://localhost:3001/favicon-192.png:0
[   35510ms] [WARNING] Error while trying to use the following icon from the Manifest: http://localhost:3001/favicon-192.png (Download error or resource isn't a valid image) @ http://localhost:3001/platform:0
[   35963ms] [LOG] THREE.WebGLRenderer: Context Lost. @ http://localhost:3001/_next/static/chunks/0213_next_dist_0d44q6a._.js:2477
[   38454ms] [LOG] [Fast Refresh] rebuilding @ http://localhost:3001/_next/static/chunks/0213_next_dist_0d44q6a._.js:2477
[   38712ms] [ERROR] Failed to load resource: the server responded with a status of 404 (Not Found) @ http://localhost:3001/favicon-192.png:0
[   38722ms] [LOG] [Fast Refresh] done in 369ms @ http://localhost:3001/_next/static/chunks/0213_next_dist_0d44q6a._.js:2477
[   38723ms] [WARNING] Error while trying to use the following icon from the Manifest: http://localhost:3001/favicon-192.png (Download error or resource isn't a valid image) @ http://localhost:3001/solutions:0
[   47905ms] [LOG] [Fast Refresh] rebuilding @ http://localhost:3001/_next/static/chunks/0213_next_dist_0d44q6a._.js:2477
[   48086ms] [LOG] [Fast Refresh] done in 282ms @ http://localhost:3001/_next/static/chunks/0213_next_dist_0d44q6a._.js:2477
[   48131ms] [ERROR] Failed to load resource: the server responded with a status of 404 (Not Found) @ http://localhost:3001/favicon-192.png:0
[   48133ms] [WARNING] Error while trying to use the following icon from the Manifest: http://localhost:3001/favicon-192.png (Download error or resource isn't a valid image) @ http://localhost:3001/solutions/salesforce:0
[   65638ms] [LOG] [Fast Refresh] rebuilding @ http://localhost:3001/_next/static/chunks/0213_next_dist_0d44q6a._.js:2477
[   66143ms] [LOG] [Fast Refresh] done in 606ms @ http://localhost:3001/_next/static/chunks/0213_next_dist_0d44q6a._.js:2477
[   66193ms] [INFO] %cDownload the React DevTools for a better development experience: https://react.dev/link/react-devtools font-weight:bold @ http://localhost:3001/_next/static/chunks/0213_next_dist_0d44q6a._.js:2477
[   66217ms] [LOG] [HMR] connected @ http://localhost:3001/_next/static/chunks/0213_next_dist_0d44q6a._.js:2477
[   66254ms] [ERROR] Encountered a script tag while rendering React component. Scripts inside React components are never executed when rendering on the client. Consider using template tag instead (https://developer.mozilla.org/en-US/docs/Web/HTML/Element/template). @ http://localhost:3001/_next/static/chunks/0213_next_dist_0d44q6a._.js:3318
[   66312ms] Error: Hydration failed because the server rendered text didn't match the client. As a result this tree will be regenerated on the client. This can happen if a SSR-ed Client Component used:

- A server/client branch `if (typeof window !== 'undefined')`.
- Variable input such as `Date.now()` or `Math.random()` which changes each time it's called.
- Date formatting in a user's locale which doesn't match the server.
- External changing data without sending a snapshot of it along with the HTML.
- Invalid HTML tag nesting.

It can also happen if the client has a browser extension installed which messes with the HTML before React loaded.

https://react.dev/link/hydration-mismatch

  ...
    <RedirectErrorBoundary router={{...}}>
      <InnerLayoutRouter url="/contact" tree={[...]} params={{}} cacheNode={{rsc:{...}, ...}} segmentPath={[...]} ...>
        <LoadingBoundaryProvider loading={[...]}>
          <SegmentViewNode type="layout" pagePath="(marketing...">
            <SegmentTrieNode>
            <script>
            <script>
            <script>
            <MarketingLayout>
              <a>
              <Nav>
              <main>
              <Footer>
                <footer className="border-t b...">
                  <div className="mx-auto ma...">
                    <div>
                    <div className="mt-12 pt-8...">
                      <div className="flex flex-...">
                        <p>
                        <TokenMeter>
                          <div className="flex items..." title="Marketing ...">
                            <span>
                            <span className="font-mono">
+                             847,293,441
-                             84,72,93,441
                            ...
                      ...
              ...
      ...

    at throwOnHydrationMismatch (http://localhost:3001/_next/static/chunks/0213_next_dist_compiled_react-dom_0m~ktmz._.js:3318:56)
    at prepareToHydrateHostInstance (http://localhost:3001/_next/static/chunks/0213_next_dist_compiled_react-dom_0m~ktmz._.js:3372:23)
    at completeWork (http://localhost:3001/_next/static/chunks/0213_next_dist_compiled_react-dom_0m~ktmz._.js:6922:60)
    at runWithFiberInDEV (http://localhost:3001/_next/static/chunks/0213_next_dist_compiled_react-dom_0m~ktmz._.js:965:74)
    at completeUnitOfWork (http://localhost:3001/_next/static/chunks/0213_next_dist_compiled_react-dom_0m~ktmz._.js:9622:23)
    at performUnitOfWork (http://localhost:3001/_next/static/chunks/0213_next_dist_compiled_react-dom_0m~ktmz._.js:9557:28)
    at workLoopConcurrentByScheduler (http://localhost:3001/_next/static/chunks/0213_next_dist_compiled_react-dom_0m~ktmz._.js:9551:58)
    at renderRootConcurrent (http://localhost:3001/_next/static/chunks/0213_next_dist_compiled_react-dom_0m~ktmz._.js:9534:71)
    at performWorkOnRoot (http://localhost:3001/_next/static/chunks/0213_next_dist_compiled_react-dom_0m~ktmz._.js:9061:150)
    at performWorkOnRootViaSchedulerTask (http://localhost:3001/_next/static/chunks/0213_next_dist_compiled_react-dom_0m~ktmz._.js:10255:9)
    at MessagePort.performWorkUntilDeadline (http://localhost:3001/_next/static/chunks/0213_next_dist_compiled_0ytz2wa._.js:2647:64)
[   66324ms] [ERROR] Failed to load resource: the server responded with a status of 404 (Not Found) @ http://localhost:3001/favicon-192.png:0
[   66353ms] [ERROR] Failed to load resource: the server responded with a status of 404 (Not Found) @ http://localhost:3001/favicon-192.png:0
[   66355ms] [WARNING] Error while trying to use the following icon from the Manifest: http://localhost:3001/favicon-192.png (Download error or resource isn't a valid image) @ http://localhost:3001/contact:0
[   66356ms] [WARNING] Error while trying to use the following icon from the Manifest: http://localhost:3001/favicon-192.png (Download error or resource isn't a valid image) @ http://localhost:3001/contact:0
[   70695ms] [ERROR] Failed to load resource: the server responded with a status of 404 (Not Found) @ http://localhost:3001/favicon-192.png:0
[   70697ms] [WARNING] Error while trying to use the following icon from the Manifest: http://localhost:3001/favicon-192.png (Download error or resource isn't a valid image) @ http://localhost:3001/contact:0
[   75178ms] [LOG] [Fast Refresh] rebuilding @ http://localhost:3001/_next/static/chunks/0213_next_dist_0d44q6a._.js:2477
[   75208ms] [LOG] [Fast Refresh] done in 56ms @ http://localhost:3001/_next/static/chunks/0213_next_dist_0d44q6a._.js:2477
[   80662ms] [LOG] [Fast Refresh] rebuilding @ http://localhost:3001/_next/static/chunks/0213_next_dist_0d44q6a._.js:2477
[   80874ms] [LOG] [Fast Refresh] done in 312ms @ http://localhost:3001/_next/static/chunks/0213_next_dist_0d44q6a._.js:2477
[   80927ms] [ERROR] Failed to load resource: the server responded with a status of 404 (Not Found) @ http://localhost:3001/favicon-192.png:0
[   80930ms] [WARNING] Error while trying to use the following icon from the Manifest: http://localhost:3001/favicon-192.png (Download error or resource isn't a valid image) @ http://localhost:3001/architecture:0
[  183072ms] [LOG] [Fast Refresh] rebuilding @ http://localhost:3001/_next/static/chunks/0213_next_dist_0d44q6a._.js:2477
[  183144ms] [LOG] [Fast Refresh] done in 40ms @ http://localhost:3001/_next/static/chunks/0213_next_dist_0d44q6a._.js:2477
[  185190ms] [LOG] [Fast Refresh] rebuilding @ http://localhost:3001/_next/static/chunks/0213_next_dist_0d44q6a._.js:2477
[  185418ms] [LOG] [Fast Refresh] done in 331ms @ http://localhost:3001/_next/static/chunks/0213_next_dist_0d44q6a._.js:2477
