[     975ms] [WARNING] react-i18next:: useTranslation: You will need to pass in an i18next instance by using initReactI18next {code: NO_I18NEXT_INSTANCE} @ https://cdn.grok.com/_next/static/chunks/182ktnwbc93t4.js:9
[    1380ms] [INFO] 
█░░░░░░░░░░░░░░░░░░░░░░░░░░░░░░░░░░░░░░░░▓
░                                        ░
░                                        ░
░                                 ░▒░    ░
░                ░░▒▒▒▒▒░░░     ░█░      ░
░            ░▒████████████▓░ ▒██░       ░
░          ░████▓░         ░▓███░        ░
░         ░███▒          ░▓█████░        ░
░         ███░         ░██▒  ▓███░       ░
░        ░███░       ▒█▒      ███░       ░
░         ███░     ▒░░       ▒███░       ░
░         ▒███░             ░███░        ░
░         ░███▓░         ░▒████░         ░
░         ▓█░ ░▒▓████████████░           ░
░       ▒▒░     ░░▒█████▒░░              ░
░     ▒░                                 ░
░                                        ░
░                                        ░
█░░░░░░░░░░░░░░░░░░░░░░░░░░░░░░░░░░░░░░░░▓

Curious? Join us at https://x.ai/careers @ https://cdn.grok.com/_next/static/chunks/182ktnwbc93t4.js:9
[    1458ms] [ERROR] Failed to load resource: the server responded with a status of 401 () @ https://grok.com/rest/suggestions/profile:0
[    1649ms] [ERROR] Failed to load resource: the server responded with a status of 401 () @ https://grok.com/rest/rate-limits:0
[    1651ms] [ERROR] Failed to load resource: the server responded with a status of 401 () @ https://grok.com/rest/products?provider=SUBSCRIPTION_PROVIDER_STRIPE:0
[    4621ms] [ERROR] Connecting to 'https://wa.onelink.me/v1/onelink' violates the following Content Security Policy directive: "connect-src 'self' data: https://cdn.grok.com https://*.x.ai wss://*.x.ai https://*.twimg.com https://*.grok.com wss://*.grok.com https://*.grok-sandbox.com wss://*.grok-sandbox.com ws://localhost:* ws://127.0.0.1:* https://assets.grok.com https://assets.grokusercontent.com wss://code.grok.com/ws/code-client https://*.js.stripe.com https://*.stripe.com https://featureassets.org https://*.googleapis.com https://*.google.com https://*.withgoogle.com https://*.gstatic.com https://*.googletagmanager.com https://*.google-analytics.com https://*.googleadservices.com https://*.googlesyndication.com https://*.doubleclick.net https://*.microsoftonline.com https://*.live.com https://*.microsoft.com https://*.onedrive.com https://*.mixpanel.com https://*.twitter.com https://*.x.com https://analytics.tiktok.com https://sgtm-prod-985009374134.us-central1.run.app https://cdn.cookielaw.org https://cookie-cdn.cookiepro.com https://geolocation.onetrust.com https://privacyportal.onetrust.com https://*.paypal.com https://*.braintreegateway.com https://*.braintree-api.com". The action has been blocked. @ https://cdn.grok.com/_next/static/chunks/182ktnwbc93t4.js:9
[    6354ms] [ERROR] Access to fetch at 'https://accounts.x.ai/check-login?redirect=grok-com' (redirected from 'https://grok.com/sign-in?_rsc=aJ7GGIonrXOxHjaJ') from origin 'https://grok.com' has been blocked by CORS policy: Response to preflight request doesn't pass access control check: No 'Access-Control-Allow-Origin' header is present on the requested resource. @ https://grok.com/?referrer=website:0
[    6355ms] [ERROR] Failed to load resource: net::ERR_FAILED @ https://accounts.x.ai/check-login?redirect=grok-com:0
[    6357ms] [ERROR] Failed to fetch RSC payload for https://grok.com/sign-in. Falling back to browser navigation. TypeError: Failed to fetch (grok.com)
    at https://cdn.grok.com/_next/static/chunks/182ktnwbc93t4.js:6:38636
    at https://cdn.grok.com/_next/static/chunks/182ktnwbc93t4.js:10:1824
    at T (https://cdn.grok.com/_next/static/chunks/0euuf72nhx.em.js:2:67317)
    at async E (https://cdn.grok.com/_next/static/chunks/0euuf72nhx.em.js:2:65453)
    at async E (https://cdn.grok.com/_next/static/chunks/0euuf72nhx.em.js:2:84262) @ https://cdn.grok.com/_next/static/chunks/182ktnwbc93t4.js:9
[   12485ms] [VERBOSE] [DOM] Password field is not contained in a form: (More info: https://goo.gl/9p2vKq) %o @ https://accounts.google.com/v3/signin/identifier?opparams=%253F&dsh=S356313113%3A1778828357705672&client_id=455662147616-fai32tqkrc0mqkouoe6l0suk287lkb1k.apps.googleusercontent.com&code_challenge=B5wDG9ZEZReV_BJDqOCN5HVvoWg-uKaWvoEbJV_PSzk&code_challenge_method=S256&o2v=2&prompt=select_account&redirect_uri=https%3A%2F%2Faccounts.x.ai%2Fexchange-token%2F&response_type=code&scope=https%3A%2F%2Fwww.googleapis.com%2Fauth%2Fuserinfo.email+https%3A%2F%2Fwww.googleapis.com%2Fauth%2Fuserinfo.profile&service=lso&state=eyJ0b2tlbiI6IktNSzBQSmlILXNQTFdqcnR3TVk2X3ciLCJtZXRhZGF0YSI6eyJpbnRlbnRpb24iOiJzaWduLWluIn19&flowName=GeneralOAuthFlow&continue=https%3A%2F%2Faccounts.google.com%2Fsignin%2Foauth%2Fconsent%3Fauthuser%3Dunknown%26part%3DAJi8hAPyGttfhvY3VyQNClfdFAe7R228DwRXtCEaKh0bXXJDJjSlzyXrq4tH6G76THu3tzO8tnWCTuUxXPI11AeMHecHaiD-TC1RIiwm6gYYKYLIieM7ifm1MTtdap60YevqMSWKNBBye2TZ5RsIx9heH9xvBqKY4JooQ2hOi8i1TVb5VD6lq5_rl5CJrW9_sbvZTBKBkS-apxRX1ZieZviqXTC61gDaDcPGq2GHcxfe2ymw0JH_iGgPAnLMC8tbMIoAlb10Bf62UfLC0G-zChaiFAsGgP2xPxAbN8ZJ7sZ9jz_Qfe6xZPP-We38lfEBiwbljJLxDL_U8hB7OGWz2XHwkEX5FRP2kcNfMaBX-VgOx-6JeEx-fvk1OmD-g_3L0hEN1LkkXy8PE2B19sm-GXE76tvBf4eBZXqPHT8_UswQPbyxfOFMXgBQmwgdz64iS13ADFE4SCP33C8Crxa2wBKyCprXfJgoCQ%26flowName%3DGeneralOAuthFlow%26as%3DS356313113%253A1778828357705672%26client_id%3D455662147616-fai32tqkrc0mqkouoe6l0suk287lkb1k.apps.googleusercontent.com%26requestPath%3D%252Fsignin%252Foauth%252Fconsent%23&app_domain=https%3A%2F%2Faccounts.x.ai&rart=ANgoxcculZdr3rAKLJm3ZYdha7368sugraBthIbN7lpHev6dpMRpx6mGskX5OHZMDCwIZDNYBAlfboHiH2fFfjzw3cN5aefRhjuFBpLrO9Nuak8prFAGS08:0
[   12489ms] [LOG] %c%s color: red; background: yellow; font-size: 24px; WARNING! @ https://www.gstatic.com/_/mss/boq-identity/_/js/k=boq-identity.AccountsSignInUi.en_US.alsf3k9Xrdw.es5.O/am=iW8AAACE4hchA4D1_38DAAggiA74ngVoAoQMAAAAAAAAAABYAAAAjQ/d=1/excm=_b,_tp,identifierview/ed=1/dg=0/wt=2/ujg=1/rs=AOaEmlGCexZ5WmunCjUMBdxt0AqZnLRALw/dti=1/m=_b,_tp:545
[   12489ms] [LOG] %c%s font-size: 18px; Using this console may allow attackers to impersonate you and steal your information using an attack called Self-XSS.
Do not enter or paste code that you do not understand. @ https://www.gstatic.com/_/mss/boq-identity/_/js/k=boq-identity.AccountsSignInUi.en_US.alsf3k9Xrdw.es5.O/am=iW8AAACE4hchA4D1_38DAAggiA74ngVoAoQMAAAAAAAAAABYAAAAjQ/d=1/excm=_b,_tp,identifierview/ed=1/dg=0/wt=2/ujg=1/rs=AOaEmlGCexZ5WmunCjUMBdxt0AqZnLRALw/dti=1/m=_b,_tp:545
[   18972ms] [WARNING] The resource https://challenges.cloudflare.com/turnstile/v0/api.js?onload=7lrqujwzqgd was preloaded using link preload but not used within a few seconds from the window's load event. Please make sure it has an appropriate `as` value and it is preloaded intentionally. @ https://accounts.x.ai/sign-in?redirect=grok-com&email=true:0
[   20708ms] [ERROR] Failed to load resource: the server responded with a status of 404 () @ https://accounts.x.ai/cdn-cgi/rum?:0
[   24054ms] [WARNING] The resource https://challenges.cloudflare.com/turnstile/v0/api.js?onload=7lrqujwzqgd was preloaded using link preload but not used within a few seconds from the window's load event. Please make sure it has an appropriate `as` value and it is preloaded intentionally. @ https://accounts.x.ai/sign-in?redirect=grok-com:0
[   29485ms] [WARNING] The resource https://challenges.cloudflare.com/turnstile/v0/api.js?onload=7lrqujwzqgd was preloaded using link preload but not used within a few seconds from the window's load event. Please make sure it has an appropriate `as` value and it is preloaded intentionally. @ https://accounts.x.ai/sign-in?redirect=grok-com:0
[   30865ms] [WARNING] Error with Permissions-Policy header: Unrecognized feature: 'pointer-lock'. @ :0
[   31565ms] [WARNING] react-i18next:: useTranslation: You will need to pass in an i18next instance by using initReactI18next {code: NO_I18NEXT_INSTANCE} @ https://cdn.grok.com/_next/static/chunks/182ktnwbc93t4.js:9
[   31731ms] [INFO] 
█░░░░░░░░░░░░░░░░░░░░░░░░░░░░░░░░░░░░░░░░▓
░                                        ░
░                                        ░
░                                 ░▒░    ░
░                ░░▒▒▒▒▒░░░     ░█░      ░
░            ░▒████████████▓░ ▒██░       ░
░          ░████▓░         ░▓███░        ░
░         ░███▒          ░▓█████░        ░
░         ███░         ░██▒  ▓███░       ░
░        ░███░       ▒█▒      ███░       ░
░         ███░     ▒░░       ▒███░       ░
░         ▒███░             ░███░        ░
░         ░███▓░         ░▒████░         ░
░         ▓█░ ░▒▓████████████░           ░
░       ▒▒░     ░░▒█████▒░░              ░
░     ▒░                                 ░
░                                        ░
░                                        ░
█░░░░░░░░░░░░░░░░░░░░░░░░░░░░░░░░░░░░░░░░▓

Curious? Join us at https://x.ai/careers @ https://cdn.grok.com/_next/static/chunks/182ktnwbc93t4.js:9
[   31932ms] [ERROR] Failed to load resource: the server responded with a status of 401 () @ https://grok.com/rest/suggestions/profile:0
[   31995ms] [ERROR] Failed to load resource: the server responded with a status of 401 () @ https://grok.com/rest/rate-limits:0
[   32005ms] [ERROR] Connecting to 'https://wa.onelink.me/v1/onelink' violates the following Content Security Policy directive: "connect-src 'self' data: https://cdn.grok.com https://*.x.ai wss://*.x.ai https://*.twimg.com https://*.grok.com wss://*.grok.com https://*.grok-sandbox.com wss://*.grok-sandbox.com ws://localhost:* ws://127.0.0.1:* https://assets.grok.com https://assets.grokusercontent.com wss://code.grok.com/ws/code-client https://*.js.stripe.com https://*.stripe.com https://featureassets.org https://*.googleapis.com https://*.google.com https://*.withgoogle.com https://*.gstatic.com https://*.googletagmanager.com https://*.google-analytics.com https://*.googleadservices.com https://*.googlesyndication.com https://*.doubleclick.net https://*.microsoftonline.com https://*.live.com https://*.microsoft.com https://*.onedrive.com https://*.mixpanel.com https://*.twitter.com https://*.x.com https://analytics.tiktok.com https://sgtm-prod-985009374134.us-central1.run.app https://cdn.cookielaw.org https://cookie-cdn.cookiepro.com https://geolocation.onetrust.com https://privacyportal.onetrust.com https://*.paypal.com https://*.braintreegateway.com https://*.braintree-api.com". The action has been blocked. @ https://cdn.grok.com/_next/static/chunks/182ktnwbc93t4.js:9
[   36009ms] [ERROR] Connecting to 'https://wa.appsflyersdk.com/events?site-id=1b107326-7bc4-4589-8e80-321c180de093' violates the following Content Security Policy directive: "connect-src 'self' data: https://cdn.grok.com https://*.x.ai wss://*.x.ai https://*.twimg.com https://*.grok.com wss://*.grok.com https://*.grok-sandbox.com wss://*.grok-sandbox.com ws://localhost:* ws://127.0.0.1:* https://assets.grok.com https://assets.grokusercontent.com wss://code.grok.com/ws/code-client https://*.js.stripe.com https://*.stripe.com https://featureassets.org https://*.googleapis.com https://*.google.com https://*.withgoogle.com https://*.gstatic.com https://*.googletagmanager.com https://*.google-analytics.com https://*.googleadservices.com https://*.googlesyndication.com https://*.doubleclick.net https://*.microsoftonline.com https://*.live.com https://*.microsoft.com https://*.onedrive.com https://*.mixpanel.com https://*.twitter.com https://*.x.com https://analytics.tiktok.com https://sgtm-prod-985009374134.us-central1.run.app https://cdn.cookielaw.org https://cookie-cdn.cookiepro.com https://geolocation.onetrust.com https://privacyportal.onetrust.com https://*.paypal.com https://*.braintreegateway.com https://*.braintree-api.com". The action has been blocked. @ https://cdn.grok.com/_next/static/chunks/182ktnwbc93t4.js:9
[   43649ms] [ERROR] Access to fetch at 'https://accounts.x.ai/check-login?redirect=grok-com' (redirected from 'https://grok.com/sign-in?_rsc=aJ7GGIonrXOxHjaJ') from origin 'https://grok.com' has been blocked by CORS policy: Response to preflight request doesn't pass access control check: No 'Access-Control-Allow-Origin' header is present on the requested resource. @ https://grok.com/?referrer=website:0
[   43650ms] [ERROR] Failed to load resource: net::ERR_FAILED @ https://accounts.x.ai/check-login?redirect=grok-com:0
[   43651ms] [ERROR] Failed to fetch RSC payload for https://grok.com/sign-in. Falling back to browser navigation. TypeError: Failed to fetch (grok.com)
    at https://cdn.grok.com/_next/static/chunks/182ktnwbc93t4.js:6:38636
    at https://cdn.grok.com/_next/static/chunks/182ktnwbc93t4.js:10:1824
    at T (https://cdn.grok.com/_next/static/chunks/0euuf72nhx.em.js:2:67317)
    at async E (https://cdn.grok.com/_next/static/chunks/0euuf72nhx.em.js:2:65453)
    at async E (https://cdn.grok.com/_next/static/chunks/0euuf72nhx.em.js:2:84262) @ https://cdn.grok.com/_next/static/chunks/182ktnwbc93t4.js:9
[   47893ms] [WARNING] Error with Permissions-Policy header: Unrecognized feature: 'pointer-lock'. @ :0
[   48653ms] [WARNING] react-i18next:: useTranslation: You will need to pass in an i18next instance by using initReactI18next {code: NO_I18NEXT_INSTANCE} @ https://cdn.grok.com/_next/static/chunks/182ktnwbc93t4.js:9
[   48816ms] [INFO] 
█░░░░░░░░░░░░░░░░░░░░░░░░░░░░░░░░░░░░░░░░▓
░                                        ░
░                                        ░
░                                 ░▒░    ░
░                ░░▒▒▒▒▒░░░     ░█░      ░
░            ░▒████████████▓░ ▒██░       ░
░          ░████▓░         ░▓███░        ░
░         ░███▒          ░▓█████░        ░
░         ███░         ░██▒  ▓███░       ░
░        ░███░       ▒█▒      ███░       ░
░         ███░     ▒░░       ▒███░       ░
░         ▒███░             ░███░        ░
░         ░███▓░         ░▒████░         ░
░         ▓█░ ░▒▓████████████░           ░
░       ▒▒░     ░░▒█████▒░░              ░
░     ▒░                                 ░
░                                        ░
░                                        ░
█░░░░░░░░░░░░░░░░░░░░░░░░░░░░░░░░░░░░░░░░▓

Curious? Join us at https://x.ai/careers @ https://cdn.grok.com/_next/static/chunks/182ktnwbc93t4.js:9
[   48964ms] [ERROR] Connecting to 'https://wa.onelink.me/v1/onelink' violates the following Content Security Policy directive: "connect-src 'self' data: https://cdn.grok.com https://*.x.ai wss://*.x.ai https://*.twimg.com https://*.grok.com wss://*.grok.com https://*.grok-sandbox.com wss://*.grok-sandbox.com ws://localhost:* ws://127.0.0.1:* https://assets.grok.com https://assets.grokusercontent.com wss://code.grok.com/ws/code-client https://*.js.stripe.com https://*.stripe.com https://featureassets.org https://*.googleapis.com https://*.google.com https://*.withgoogle.com https://*.gstatic.com https://*.googletagmanager.com https://*.google-analytics.com https://*.googleadservices.com https://*.googlesyndication.com https://*.doubleclick.net https://*.microsoftonline.com https://*.live.com https://*.microsoft.com https://*.onedrive.com https://*.mixpanel.com https://*.twitter.com https://*.x.com https://analytics.tiktok.com https://sgtm-prod-985009374134.us-central1.run.app https://cdn.cookielaw.org https://cookie-cdn.cookiepro.com https://geolocation.onetrust.com https://privacyportal.onetrust.com https://*.paypal.com https://*.braintreegateway.com https://*.braintree-api.com". The action has been blocked. @ https://cdn.grok.com/_next/static/chunks/182ktnwbc93t4.js:9
[   48989ms] [ERROR] Failed to load resource: the server responded with a status of 401 () @ https://grok.com/rest/suggestions/profile:0
[   49086ms] [ERROR] Failed to load resource: the server responded with a status of 401 () @ https://grok.com/rest/rate-limits:0
[   50523ms] [ERROR] Access to fetch at 'https://accounts.x.ai/sign-up?redirect=grok-com' (redirected from 'https://grok.com/sign-up?_rsc=aJ7GGIonrXOxHjaJ') from origin 'https://grok.com' has been blocked by CORS policy: Response to preflight request doesn't pass access control check: Redirect is not allowed for a preflight request. @ https://grok.com/?referrer=website:0
[   50524ms] [ERROR] Failed to load resource: net::ERR_FAILED @ https://accounts.x.ai/sign-up?redirect=grok-com:0
[   50525ms] [ERROR] Failed to fetch RSC payload for https://grok.com/sign-up. Falling back to browser navigation. TypeError: Failed to fetch (grok.com)
    at https://cdn.grok.com/_next/static/chunks/182ktnwbc93t4.js:6:38636
    at https://cdn.grok.com/_next/static/chunks/182ktnwbc93t4.js:10:1824
    at T (https://cdn.grok.com/_next/static/chunks/0euuf72nhx.em.js:2:67317)
    at async E (https://cdn.grok.com/_next/static/chunks/0euuf72nhx.em.js:2:65453)
    at async E (https://cdn.grok.com/_next/static/chunks/0euuf72nhx.em.js:2:84262) @ https://cdn.grok.com/_next/static/chunks/182ktnwbc93t4.js:9
[   54845ms] [WARNING] The resource https://challenges.cloudflare.com/turnstile/v0/api.js?onload=83w6gyfkzu was preloaded using link preload but not used within a few seconds from the window's load event. Please make sure it has an appropriate `as` value and it is preloaded intentionally. @ https://accounts.x.ai/sign-up?redirect=grok-com:0
[   56060ms] [VERBOSE] [DOM] Password field is not contained in a form: (More info: https://goo.gl/9p2vKq) %o @ https://accounts.google.com/v3/signin/identifier?opparams=%253F&dsh=S-1540571809%3A1778828401386017&client_id=455662147616-fai32tqkrc0mqkouoe6l0suk287lkb1k.apps.googleusercontent.com&code_challenge=_YS3tUwHIqOxOcQS-_ttxBhf2FtxaIOW315kpisTBEA&code_challenge_method=S256&o2v=2&prompt=select_account&redirect_uri=https%3A%2F%2Faccounts.x.ai%2Fexchange-token%2F&response_type=code&scope=https%3A%2F%2Fwww.googleapis.com%2Fauth%2Fuserinfo.email+https%3A%2F%2Fwww.googleapis.com%2Fauth%2Fuserinfo.profile&service=lso&state=eyJ0b2tlbiI6InhybTlSMVU2TVRGMW1vV2tnSVFyZkEiLCJtZXRhZGF0YSI6eyJpbnRlbnRpb24iOiJzaWduLWluIn19&flowName=GeneralOAuthFlow&continue=https%3A%2F%2Faccounts.google.com%2Fsignin%2Foauth%2Fconsent%3Fauthuser%3Dunknown%26part%3DAJi8hAPBY6pgNKbPOo3daNyKP4qOrkyU3diUMowr0Cr_G-3d0i0DXCAa3b8jrHeRHgpOxiKjjahYWbshhVlyw9acPOlZjNniRC38tj88k_gmPqL8eVl5IXet1Y7wiZ0qXTr26Nz9m4D-iZZsNLtPSX4y0b98TbcvxlK7Y1CKArKuM23pzTzUiI88X36dbHVd-SDGbqJpmBQXawB6QtpQU-b86F3eeJfVTBStkpvnk-u_qOm0zpzrmu_9_t8vzVq20WnD2ill0lFu_oPZSv35_bgcYgsGlcfZ10yBOlbTclBn4scmW_FGcFLJ6OPqHZKl-K4SZy0uKseEAcSpoFv319Mz7wrj9SFBRkez8bQUl4RahtIaIWWjhhqRjH_27sE03r7ZCLAyLpfH1vVLKowjxwwFAKiHY5wvYLEDqJm8FkdieqEQaUwvg2e5xnt5xLvM7TDIBfxBdtesa4iJFIyFsO1LvGsgfVj1fw%26flowName%3DGeneralOAuthFlow%26as%3DS-1540571809%253A1778828401386017%26client_id%3D455662147616-fai32tqkrc0mqkouoe6l0suk287lkb1k.apps.googleusercontent.com%26requestPath%3D%252Fsignin%252Foauth%252Fconsent%23&app_domain=https%3A%2F%2Faccounts.x.ai&rart=ANgoxccW013HBf8U6OjXfT6XMmvqKWZCIcC2xGpk-1ogtTa4NZiTgfW_o2pPJphHUHB0KTGiimaao1HRVy22EBdbUO-5vVnYxgvHnU-EabLp1VuEnfeubDU:0
[   56064ms] [LOG] %c%s color: red; background: yellow; font-size: 24px; WARNING! @ https://www.gstatic.com/_/mss/boq-identity/_/js/k=boq-identity.AccountsSignInUi.en_US.alsf3k9Xrdw.es5.O/am=iW8AAACE4hchA4D1_38DAAggiA74ngVoAoQMAAAAAAAAAABYAAAAjQ/d=1/excm=_b,_tp,identifierview/ed=1/dg=0/wt=2/ujg=1/rs=AOaEmlGCexZ5WmunCjUMBdxt0AqZnLRALw/dti=1/m=_b,_tp:545
[   56064ms] [LOG] %c%s font-size: 18px; Using this console may allow attackers to impersonate you and steal your information using an attack called Self-XSS.
Do not enter or paste code that you do not understand. @ https://www.gstatic.com/_/mss/boq-identity/_/js/k=boq-identity.AccountsSignInUi.en_US.alsf3k9Xrdw.es5.O/am=iW8AAACE4hchA4D1_38DAAggiA74ngVoAoQMAAAAAAAAAABYAAAAjQ/d=1/excm=_b,_tp,identifierview/ed=1/dg=0/wt=2/ujg=1/rs=AOaEmlGCexZ5WmunCjUMBdxt0AqZnLRALw/dti=1/m=_b,_tp:545
