[     307ms] [INFO] %cDownload the React DevTools for a better development experience: https://react.dev/link/react-devtools font-weight:bold @ http://localhost:3001/_next/static/chunks/0213_next_dist_0d44q6a._.js:2477
[     397ms] [LOG] [HMR] connected @ http://localhost:3001/_next/static/chunks/0213_next_dist_0d44q6a._.js:2477
[     540ms] [LOG] [Fast Refresh] rebuilding @ http://localhost:3001/_next/static/chunks/0213_next_dist_0d44q6a._.js:2477
[     633ms] [LOG] [Fast Refresh] done in 206ms @ http://localhost:3001/_next/static/chunks/0213_next_dist_0d44q6a._.js:2477
[ 4623963ms] [INFO] %cDownload the React DevTools for a better development experience: https://react.dev/link/react-devtools font-weight:bold @ http://localhost:3001/_next/static/chunks/0213_next_dist_0d44q6a._.js:2477
[ 4623981ms] [LOG] [HMR] connected @ http://localhost:3001/_next/static/chunks/0213_next_dist_0d44q6a._.js:2477
[ 4643126ms] [INFO] %cDownload the React DevTools for a better development experience: https://react.dev/link/react-devtools font-weight:bold @ http://localhost:3001/_next/static/chunks/0213_next_dist_0d44q6a._.js:2477
[ 4643142ms] [LOG] [HMR] connected @ http://localhost:3001/_next/static/chunks/0213_next_dist_0d44q6a._.js:2477
[ 4648198ms] [INFO] %cDownload the React DevTools for a better development experience: https://react.dev/link/react-devtools font-weight:bold @ http://localhost:3001/_next/static/chunks/0213_next_dist_0d44q6a._.js:2477
[ 4648217ms] [LOG] [HMR] connected @ http://localhost:3001/_next/static/chunks/0213_next_dist_0d44q6a._.js:2477
[ 4663510ms] [INFO] %cDownload the React DevTools for a better development experience: https://react.dev/link/react-devtools font-weight:bold @ http://localhost:3001/_next/static/chunks/0213_next_dist_0d44q6a._.js:2477
[ 4663524ms] [LOG] [HMR] connected @ http://localhost:3001/_next/static/chunks/0213_next_dist_0d44q6a._.js:2477
[ 4680814ms] [INFO] %cDownload the React DevTools for a better development experience: https://react.dev/link/react-devtools font-weight:bold @ http://localhost:3001/_next/static/chunks/0213_next_dist_0d44q6a._.js:2477
[ 4680835ms] [LOG] [HMR] connected @ http://localhost:3001/_next/static/chunks/0213_next_dist_0d44q6a._.js:2477
[ 4692597ms] [INFO] %cDownload the React DevTools for a better development experience: https://react.dev/link/react-devtools font-weight:bold @ http://localhost:3001/_next/static/chunks/0213_next_dist_0d44q6a._.js:2477
[ 4692618ms] [LOG] [HMR] connected @ http://localhost:3001/_next/static/chunks/0213_next_dist_0d44q6a._.js:2477
[ 4942336ms] [INFO] %cDownload the React DevTools for a better development experience: https://react.dev/link/react-devtools font-weight:bold @ http://localhost:3001/_next/static/chunks/0213_next_dist_0d44q6a._.js:2477
[ 4942360ms] [LOG] [HMR] connected @ http://localhost:3001/_next/static/chunks/0213_next_dist_0d44q6a._.js:2477
[ 4968919ms] [INFO] %cDownload the React DevTools for a better development experience: https://react.dev/link/react-devtools font-weight:bold @ http://localhost:3001/_next/static/chunks/0213_next_dist_0d44q6a._.js:2477
[ 4968942ms] [LOG] [HMR] connected @ http://localhost:3001/_next/static/chunks/0213_next_dist_0d44q6a._.js:2477
[ 5060648ms] [LOG] [Fast Refresh] rebuilding @ http://localhost:3001/_next/static/chunks/0213_next_dist_0d44q6a._.js:2477
[ 5060947ms] [LOG] [Fast Refresh] done in 401ms @ http://localhost:3001/_next/static/chunks/0213_next_dist_0d44q6a._.js:2477
[ 5168974ms] [LOG] [Fast Refresh] rebuilding @ http://localhost:3001/_next/static/chunks/0213_next_dist_0d44q6a._.js:2477
[ 5169173ms] [LOG] [Fast Refresh] done in 301ms @ http://localhost:3001/_next/static/chunks/0213_next_dist_0d44q6a._.js:2477
[ 5175197ms] [INFO] %cDownload the React DevTools for a better development experience: https://react.dev/link/react-devtools font-weight:bold @ http://localhost:3001/_next/static/chunks/0213_next_dist_0d44q6a._.js:2477
[ 5175213ms] [LOG] [HMR] connected @ http://localhost:3001/_next/static/chunks/0213_next_dist_0d44q6a._.js:2477
[ 5178645ms] [INFO] %cDownload the React DevTools for a better development experience: https://react.dev/link/react-devtools font-weight:bold @ http://localhost:3001/_next/static/chunks/0213_next_dist_0d44q6a._.js:2477
[ 5178668ms] [LOG] [HMR] connected @ http://localhost:3001/_next/static/chunks/0213_next_dist_0d44q6a._.js:2477
